Retrieving project…
The `name` property in vercel.json is deprecated (https://vercel.link/name-prop)
Deploying kev287mejias-projects/sistema-gobierno-demo
Uploading [--------------------] (0.0B/157B)
Uploading [====================] (157.0B/157B)
Inspect: https://vercel.com/kev287mejias-projects/sistema-gobierno-demo/5UH9z1JDoewEFFvY6tBe6cChpVKw [3s]
Preview: https://sistema-gobierno-demo-jtd5hjn5n-kev287mejias-projects.vercel.app [3s]
https://sistema-gobierno-demo-jtd5hjn5n-kev287mejias-projects.vercel.appBuilding...
Building...
Building: Running build in Washington, D.C., USA (East) – iad1
Building: Build machine configuration: 2 cores, 8 GB
Building: Retrieving list of deployment files...
Building: Previous build caches not available.
Building: Downloading 437 deployment files...
Building: Running "vercel build"
Building: Vercel CLI 51.2.1
Building: Installing dependencies...
Building: npm warn deprecated rimraf@3.0.2: Rimraf versions prior to v4 are no longer supported
Building: npm warn deprecated inflight@1.0.6: This module is not supported, and leaks memory. Do not use it. Check out lru-cache if you want a good and tested way to coalesce async requests by a key value, which is much more comprehensive and powerful.
Building: npm warn deprecated @humanwhocodes/config-array@0.13.0: Use @eslint/config-array instead
Building: npm warn deprecated @humanwhocodes/object-schema@2.0.3: Use @eslint/object-schema instead
Building: npm warn deprecated glob@7.2.3: Glob versions prior to v9 are no longer supported
Building: npm warn deprecated eslint@8.57.1: This version is no longer supported. Please see https://eslint.org/version-support for other options.
Building: npm warn deprecated next@14.2.5: This version has a security vulnerability. Please upgrade to a patched version. See https://nextjs.org/blog/security-update-2025-12-11 for more details.
Building: > sistema-gobierno@0.1.0 postinstall
Building: > prisma generate
Building: Environment variables loaded from .env
Building: Prisma schema loaded from prisma/schema.prisma
Building: ✔ Generated Prisma Client (v5.22.0) to ./node_modules/@prisma/client in 470ms
Building: Start by importing your Prisma Client (See: https://pris.ly/d/importing-client)
Building: Tip: Need your database queries to be 1000x faster? Accelerate offers you that and more: https://pris.ly/tip-2-accelerate
Building: added 760 packages in 23s
Building: 175 packages are looking for funding
Building: run `npm fund` for details
Building: Detected Next.js version: 14.2.5
Building: Running "npm run build"
Building: > sistema-gobierno@0.1.0 build
Building: > next build
Building: Attention: Next.js now collects completely anonymous telemetry regarding usage.
Building: This information is used to shape Next.js' roadmap and prioritize features.
Building: You can learn more, including how to opt-out if you'd not like to participate in this anonymous program, by visiting the following URL:
Building: https://nextjs.org/telemetry
Building: ▲ Next.js 14.2.5
Building: - Environments: .env
Building: Creating an optimized production build ...
Building: request to https://fonts.gstatic.com/s/inter/v20/UcC73FwrK3iLTeHuS_nVMrMxCp50SjIa2JL7W0Q5n-wU.woff2 failed, reason:
Building: Retrying 1/3...
Building: request to https://fonts.gstatic.com/s/inter/v20/UcC73FwrK3iLTeHuS_nVMrMxCp50SjIa0ZL7W0Q5n-wU.woff2 failed, reason:
Building: Retrying 1/3...
Building: request to https://fonts.gstatic.com/s/inter/v20/UcC73FwrK3iLTeHuS_nVMrMxCp50SjIa2ZL7W0Q5n-wU.woff2 failed, reason:
Building: Retrying 1/3...
Building: request to https://fonts.gstatic.com/s/inter/v20/UcC73FwrK3iLTeHuS_nVMrMxCp50SjIa1pL7W0Q5n-wU.woff2 failed, reason:
Building: Retrying 1/3...
Building: request to https://fonts.gstatic.com/s/inter/v20/UcC73FwrK3iLTeHuS_nVMrMxCp50SjIa2pL7W0Q5n-wU.woff2 failed, reason:
Building: Retrying 1/3...
Building: request to https://fonts.gstatic.com/s/inter/v20/UcC73FwrK3iLTeHuS_nVMrMxCp50SjIa25L7W0Q5n-wU.woff2 failed, reason:
Building: Retrying 1/3...
Building: request to https://fonts.gstatic.com/s/inter/v20/UcC73FwrK3iLTeHuS_nVMrMxCp50SjIa1ZL7W0Q5nw.woff2 failed, reason:
Building: Retrying 1/3...
Building: warn - The class `duration-[1.5s]` is ambiguous and matches multiple utilities.
Building: warn - If this is content and not a class, replace it with `duration-&lsqb;1.5s&rsqb;` to silence this warning.
Building: ✓ Compiled successfully
Building: Skipping validation of types
Building: Skipping linting
Building: Collecting page data ...
Building: Generating static pages (0/108) ...
Building: Generating static pages (27/108)
Building: Generating static pages (54/108)
Building: Generating static pages (81/108)
Building: ⨯ useSearchParams() should be wrapped in a suspense boundary at page "/entidades". Read more: https://nextjs.org/docs/messages/missing-suspense-with-csr-bailout
Building: at s (/vercel/path0/.next/server/chunks/7805.js:21:32495)
Building: at c (/vercel/path0/.next/server/chunks/7805.js:21:43475)
Building: at A (/vercel/path0/.next/server/app/entidades/page.js:1:9916)
Building: at nj (/vercel/path0/node_modules/next/dist/compiled/next-server/app-page.runtime.prod.js:12:46251)
Building: at nM (/vercel/path0/node_modules/next/dist/compiled/next-server/app-page.runtime.prod.js:12:47571)
Building: at nN (/vercel/path0/node_modules/next/dist/compiled/next-server/app-page.runtime.prod.js:12:64546)
Building: at nI (/vercel/path0/node_modules/next/dist/compiled/next-server/app-page.runtime.prod.js:12:47010)
Building: at nM (/vercel/path0/node_modules/next/dist/compiled/next-server/app-page.runtime.prod.js:12:47717)
Building: at nM (/vercel/path0/node_modules/next/dist/compiled/next-server/app-page.runtime.prod.js:12:61546)
Building: at nN (/vercel/path0/node_modules/next/dist/compiled/next-server/app-page.runtime.prod.js:12:64546)
Building: Error occurred prerendering page "/entidades". Read more: https://nextjs.org/docs/messages/prerender-error
Building: ✓ Generating static pages (108/108)
Building: > Export encountered errors on following paths:
Building: /entidades/page: /entidades
Building: Error: Command "npm run build" exited with 1
Error: Command "npm run build" exited with 1
